C51 COMPILER V9.60.0.0   SETUPLCD                                                          04/05/2022 17:56:41 PAGE 1   


C51 COMPILER V9.60.0.0, COMPILATION OF MODULE SETUPLCD
OBJECT MODULE PLACED IN .\Objects\SetupLCD.obj
COMPILER INVOKED BY: C:\Keil_v5\C51\BIN\C51.EXE SetupLCD.c LARGE OPTIMIZE(8,SPEED) BROWSE DEBUG OBJECTEXTEND PRINT(.\Lis
                    -tings\SetupLCD.lst) TABS(2) OBJECT(.\Objects\SetupLCD.obj)

line level    source

   1          #include "reg552.h"
   2          //#include "definitions.h"
   3          #include "Delay.h"
   4          
   5          #define LCD_E_Wait2         30
   6          
   7          unsigned char Wait2;
   8          
   9          void SetupLCD()
  10          {
  11   1        unsigned char TimeOut = 0x0f;
  12   1      
  13   1        // Wait2 minimal 15 ms
  14   1        Delay(15);
  15   1      
  16   1        LCD_E = 0;
  17   1        // Setup/Reset Display
  18   1        LCD_RS = 0;
  19   1        LCD_RW = 0;
  20   1        LCD_D7 = 0;
  21   1        LCD_D6 = 0;
  22   1        LCD_D5 = 1;
  23   1        LCD_D4 = 1;
  24   1        LCD_E = 1;
  25   1        for (Wait2=0; Wait2<LCD_E_Wait2; Wait2++);
  26   1        LCD_E = 0;
  27   1        // Wait2 minimal 4.1 ms
  28   1        Delay(1);
  29   1      
  30   1        // Setup/Reset Display
  31   1        LCD_RS = 0;
  32   1        LCD_RW = 0;
  33   1        LCD_D7 = 0;
  34   1        LCD_D6 = 0;
  35   1        LCD_D5 = 1;
  36   1        LCD_D4 = 1;
  37   1        LCD_E = 1;
  38   1        for (Wait2=0; Wait2<LCD_E_Wait2; Wait2++);
  39   1        LCD_E = 0;
  40   1        // Wait2 minimal 100 us
  41   1        Delay(1);
  42   1      
  43   1        // Setup/Reset Display
  44   1        LCD_RS = 0;
  45   1        LCD_RW = 0;
  46   1        LCD_D7 = 0;
  47   1        LCD_D6 = 0;
  48   1        LCD_D5 = 1;
  49   1        LCD_D4 = 1;
  50   1        LCD_E = 1;
  51   1        for (Wait2=0; Wait2<LCD_E_Wait2; Wait2++);
  52   1        LCD_E = 0;
  53   1      
  54   1        // Busy cannot be checked
C51 COMPILER V9.60.0.0   SETUPLCD                                                          04/05/2022 17:56:41 PAGE 2   

  55   1        Delay(1);
  56   1      
  57   1        // Setup/Reset Display to 4 bit mode
  58   1        LCD_RS = 0;
  59   1        LCD_RW = 0;
  60   1        LCD_D7 = 0;
  61   1        LCD_D6 = 0;
  62   1        LCD_D5 = 1;
  63   1        LCD_D4 = 0;
  64   1        LCD_E = 1;
  65   1        for (Wait2=0; Wait2<LCD_E_Wait2; Wait2++);
  66   1        LCD_E = 0;
  67   1      
  68   1        Delay(1);
  69   1      
  70   1        // Set number of lines etc...
  71   1        LCD_RS = 0;
  72   1        LCD_RW = 0;
  73   1        LCD_D7 = 0;   // Function set
  74   1        LCD_D6 = 0;   // Function set
  75   1        LCD_D5 = 1;   // Function set
  76   1        LCD_D4 = 0;   // 4 bit
  77   1        LCD_E = 1;
  78   1        for (Wait2=0; Wait2<LCD_E_Wait2; Wait2++);
  79   1        LCD_E = 0;
  80   1      
  81   1        LCD_RS = 0;
  82   1        LCD_RW = 0;
  83   1        LCD_D7 = 1;   // 2 lines
  84   1        LCD_D6 = 0;   // 5x7 dots chars
  85   1        LCD_D5 = 0;   // *
  86   1        LCD_D4 = 0;   // *
  87   1        LCD_E = 1;
  88   1        for (Wait2=0; Wait2<LCD_E_Wait2; Wait2++);
  89   1        LCD_E = 0;
  90   1      
  91   1        TimeOut = 0x0F;
  92   1        LCD_D7 = 1;
  93   1        LCD_RS = 0;
  94   1        LCD_RW = 1;
  95   1        LCD_E = 1;
  96   1        for (Wait2=0; Wait2<LCD_E_Wait2; Wait2++);
  97   1        LCD_E = 0;
  98   1        LCD_E = 1;
  99   1        while ((LCD_D7) && (TimeOut--))
 100   1        {
 101   2          LCD_E = 0;
 102   2          for (Wait2=0; Wait2<LCD_E_Wait2; Wait2++);
 103   2          LCD_E = 1;
 104   2        }
 105   1        LCD_E = 0;
 106   1      
 107   1        // Display Off
 108   1        LCD_RS = 0;
 109   1        LCD_RW = 0;
 110   1        LCD_D7 = 0;   // Function set
 111   1        LCD_D6 = 0;   // Function set
 112   1        LCD_D5 = 0;   // Function set
 113   1        LCD_D4 = 0;   
 114   1        LCD_E = 1;
 115   1        for (Wait2=0; Wait2<LCD_E_Wait2; Wait2++);
 116   1        LCD_E = 0;
C51 COMPILER V9.60.0.0   SETUPLCD                                                          04/05/2022 17:56:41 PAGE 3   

 117   1      
 118   1        LCD_RS = 0;
 119   1        LCD_RW = 0;
 120   1        LCD_D7 = 1;   // Display off
 121   1        LCD_D6 = 1;   
 122   1        LCD_D5 = 0;   // Cursor on
 123   1        LCD_D4 = 0;   // Cursor Blink
 124   1        LCD_E = 1;
 125   1        for (Wait2=0; Wait2<LCD_E_Wait2; Wait2++);
 126   1        LCD_E = 0;
 127   1      
 128   1        TimeOut = 0x0F;
 129   1        LCD_D7 = 1;
 130   1        LCD_RS = 0;
 131   1        LCD_RW = 1;
 132   1        LCD_E = 1;
 133   1        for (Wait2=0; Wait2<LCD_E_Wait2; Wait2++);
 134   1        LCD_E = 0;
 135   1        LCD_E = 1;
 136   1        while ((LCD_D7) && (TimeOut--))
 137   1        {
 138   2          LCD_E = 0;
 139   2          for (Wait2=0; Wait2<LCD_E_Wait2; Wait2++);
 140   2          LCD_E = 1;
 141   2        }
 142   1        LCD_E = 0;
 143   1      
 144   1        // Display Clear
 145   1        LCD_RS = 0;
 146   1        LCD_RW = 0;
 147   1        LCD_D7 = 0;   // Function set
 148   1        LCD_D6 = 0;   // Function set
 149   1        LCD_D5 = 0;   // Function set
 150   1        LCD_D4 = 0;   
 151   1        LCD_E = 1;
 152   1        for (Wait2=0; Wait2<LCD_E_Wait2; Wait2++);
 153   1        LCD_E = 0;
 154   1      
 155   1        LCD_RS = 0;
 156   1        LCD_RW = 0;
 157   1        LCD_D7 = 0;   
 158   1        LCD_D6 = 0;   
 159   1        LCD_D5 = 0;  
 160   1        LCD_D4 = 1;   
 161   1        LCD_E = 1;
 162   1        for (Wait2=0; Wait2<LCD_E_Wait2; Wait2++);
 163   1        LCD_E = 0;
 164   1      
 165   1        TimeOut = 0x0F;
 166   1        LCD_D7 = 1;
 167   1        LCD_RS = 0;
 168   1        LCD_RW = 1;
 169   1        LCD_E = 1;
 170   1        for (Wait2=0; Wait2<LCD_E_Wait2; Wait2++);
 171   1        LCD_E = 0;
 172   1        LCD_E = 1;
 173   1        while ((LCD_D7) && (TimeOut--))
 174   1        {
 175   2          LCD_E = 0;
 176   2          for (Wait2=0; Wait2<LCD_E_Wait2; Wait2++);
 177   2          LCD_E = 1;
 178   2        }
C51 COMPILER V9.60.0.0   SETUPLCD                                                          04/05/2022 17:56:41 PAGE 4   

 179   1        LCD_E = 0;
 180   1      
 181   1        // Entry mode
 182   1        LCD_RS = 0;
 183   1        LCD_RW = 0;
 184   1        LCD_D7 = 0;
 185   1        LCD_D6 = 0;
 186   1        LCD_D5 = 0;
 187   1        LCD_D4 = 0;   
 188   1        LCD_E = 1;
 189   1        for (Wait2=0; Wait2<LCD_E_Wait2; Wait2++);
 190   1        LCD_E = 0;
 191   1      
 192   1        LCD_RS = 0;
 193   1        LCD_RW = 0;
 194   1        LCD_D7 = 0;   
 195   1        LCD_D6 = 1;
 196   1        LCD_D5 = 1;   // Position increment after char
 197   1        LCD_D4 = 0;   // No shift
 198   1        LCD_E = 1;
 199   1        for (Wait2=0; Wait2<LCD_E_Wait2; Wait2++);
 200   1        LCD_E = 0;
 201   1      
 202   1        TimeOut = 0x0F;
 203   1        LCD_D7 = 1;
 204   1        LCD_RS = 0;
 205   1        LCD_RW = 1;
 206   1        LCD_E = 1;
 207   1        while ((LCD_D7) && (TimeOut--))
 208   1        {
 209   2          LCD_E = 0;
 210   2          for (Wait2=0; Wait2<LCD_E_Wait2; Wait2++);
 211   2          LCD_E = 1;
 212   2        }
 213   1        LCD_E = 0;
 214   1      
 215   1      
 216   1        // Display on
 217   1      /*  LCD_RS = 0;
 218   1        LCD_RW = 0;
 219   1        LCD_D7 = 0;
 220   1        LCD_D6 = 0;
 221   1        LCD_D5 = 0;
 222   1        LCD_D4 = 0;   
 223   1        LCD_E = 1;
 224   1        LCD_E = 0;
 225   1      
 226   1        LCD_RS = 0;
 227   1        LCD_RW = 0;
 228   1        LCD_D7 = 1;   
 229   1        LCD_D6 = 1;
 230   1        LCD_D5 = 1;
 231   1        LCD_D4 = 1;
 232   1        LCD_E = 1;
 233   1        LCD_E = 0;
 234   1      
 235   1        TimeOut = 0x0F;
 236   1        LCD_D7 = 1;
 237   1        LCD_RS = 0;
 238   1        LCD_RW = 1;
 239   1        LCD_E = 1;
 240   1        LCD_E = 0;
C51 COMPILER V9.60.0.0   SETUPLCD                                                          04/05/2022 17:56:41 PAGE 5   

 241   1        while ((LCD_D7) && (TimeOut--))
 242   1        {
 243   1          LCD_E = 1;
 244   1          LCD_E = 0;
 245   1        }*/
 246   1      }
 247          
 248          /****************************************
 249          * place data on LCD RS = 0: Instruction *
 250          *                   RS = 1: Data        *
 251          ****************************************/
 252          void SetLCD(unsigned char RS, char *Buffer)
 253          {
 254   1        unsigned char TimeOut = 0x0F;
 255   1        unsigned char cntBuffer = 0;
 256   1      
 257   1        LCD_E = 0;
 258   1        for (Wait2=0; Wait2<LCD_E_Wait2; Wait2++);
 259   1      
 260   1        while (Buffer[cntBuffer] != 0)
 261   1        {
 262   2          // Entry mode
 263   2          LCD_RS = RS;
 264   2          LCD_RW = 0;
 265   2          LCD_D7 = (unsigned char)Buffer[cntBuffer]&0x80;
 266   2          LCD_D6 = (unsigned char)Buffer[cntBuffer]&0x40;
 267   2          LCD_D5 = (unsigned char)Buffer[cntBuffer]&0x20;
 268   2          LCD_D4 = (unsigned char)Buffer[cntBuffer]&0x10;   
 269   2          LCD_E = 1;
 270   2          for (Wait2=0; Wait2<LCD_E_Wait2; Wait2++);
 271   2          LCD_E = 0;
 272   2      
 273   2          TimeOut = 0x0F;
 274   2          LCD_D7 = 1;
 275   2          LCD_RS = 0;
 276   2          LCD_RW = 1;
 277   2          LCD_E = 1;
 278   2          for (Wait2=0; Wait2<LCD_E_Wait2; Wait2++);
 279   2          LCD_E = 0;
 280   2      
 281   2          LCD_E = 1;
 282   2          while ((LCD_D7) && (TimeOut--))
 283   2          {
 284   3            LCD_E = 0;
 285   3            for (Wait2=0; Wait2<LCD_E_Wait2; Wait2++);
 286   3            LCD_E = 1;
 287   3          }
 288   2          LCD_E = 0;
 289   2      
 290   2          LCD_RS = RS;
 291   2          LCD_RW = 0;
 292   2          LCD_D7 = (unsigned char)Buffer[cntBuffer]&0x08;
 293   2          LCD_D6 = (unsigned char)Buffer[cntBuffer]&0x04;
 294   2          LCD_D5 = (unsigned char)Buffer[cntBuffer]&0x02;
 295   2          LCD_D4 = (unsigned char)Buffer[cntBuffer]&0x01;   
 296   2          LCD_E = 1;
 297   2          for (Wait2=0; Wait2<LCD_E_Wait2; Wait2++);
 298   2          LCD_E = 0;
 299   2      
 300   2          TimeOut = 0x0F;
 301   2          LCD_D7 = 1;
 302   2          LCD_RS = 0;
C51 COMPILER V9.60.0.0   SETUPLCD                                                          04/05/2022 17:56:41 PAGE 6   

 303   2          LCD_RW = 1;
 304   2          LCD_E = 1;
 305   2          for (Wait2=0; Wait2<LCD_E_Wait2; Wait2++);
 306   2          LCD_E = 0;
 307   2      
 308   2          LCD_E = 1;
 309   2          while ((LCD_D7) && (TimeOut--))
 310   2          {
 311   3            LCD_E = 0;
 312   3            for (Wait2=0; Wait2<LCD_E_Wait2; Wait2++);
 313   3            LCD_E = 1;
 314   3          }
 315   2          LCD_E = 0;
 316   2      
 317   2          cntBuffer++;
 318   2        }
 319   1      }
 320          
 321          
 322          


MODULE INFORMATION:   STATIC OVERLAYABLE
   CODE SIZE        =   1196    ----
   CONSTANT SIZE    =   ----    ----
   XDATA SIZE       =      1       6
   PDATA SIZE       =   ----    ----
   DATA SIZE        =   ----    ----
   IDATA SIZE       =   ----    ----
   BIT SIZE         =   ----    ----
END OF MODULE INFORMATION.


C51 COMPILATION COMPLETE.  0 WARNING(S),  0 ERROR(S)
